This file contains any messages produced by compilers while
running configure, to aid debugging if configure makes a mistake.

It was created by sparsehash configure 1.11, which was
generated by GNU Autoconf 2.65.  Invocation command line was

  $ ./configure 

## --------- ##
## Platform. ##
## --------- ##

hostname = ubuntu
uname -m = x86_64
uname -r = 2.6.38-11-generic
uname -s = Linux
uname -v = #50-Ubuntu SMP Mon Sep 12 21:17:25 UTC 2011

/usr/bin/uname -p = unknown
/bin/uname -X     = unknown

/bin/arch              = unknown
/usr/bin/arch -k       = unknown
/usr/convex/getsysinfo = unknown
/usr/bin/hostinfo      = unknown
/bin/machine           = unknown
/usr/bin/oslevel       = unknown
/bin/universe          = unknown

PATH: /usr/local/sbin
PATH: /usr/local/bin
PATH: /usr/sbin
PATH: /usr/bin
PATH: /sbin
PATH: /bin
PATH: /usr/games


## ----------- ##
## Core tests. ##
## ----------- ##

configure:2405: checking for a BSD-compatible install
configure:2473: result: /usr/bin/install -c
configure:2484: checking whether build environment is sane
configure:2521: result: yes
configure:2583: checking for gawk
configure:2613: result: no
configure:2583: checking for mawk
configure:2599: found /usr/bin/mawk
configure:2610: result: mawk
configure:2621: checking whether make sets $(MAKE)
configure:2643: result: yes
configure:2873: checking for gcc
configure:2889: found /usr/bin/gcc
configure:2900: result: gcc
configure:3129: checking for C compiler version
configure:3138: gcc --version >&5
gcc (Ubuntu/Linaro 4.5.2-8ubuntu4) 4.5.2
Copyright (C) 2010 Free Software Foundation, Inc.
This is free software; see the source for copying conditions.  There is NO
warranty; not even for MERCHANTABILITY or FITNESS FOR A PARTICULAR PURPOSE.

configure:3149: $? = 0
configure:3138: gcc -v >&5
Using built-in specs.
COLLECT_GCC=gcc
COLLECT_LTO_WRAPPER=/usr/lib/x86_64-linux-gnu/gcc/x86_64-linux-gnu/4.5.2/lto-wrapper
Target: x86_64-linux-gnu
Configured with: ../src/configure -v --with-pkgversion='Ubuntu/Linaro 4.5.2-8ubuntu4' --with-bugurl=file:///usr/share/doc/gcc-4.5/README.Bugs --enable-languages=c,c++,fortran,objc,obj-c++ --prefix=/usr --program-suffix=-4.5 --enable-shared --enable-multiarch --with-multiarch-defaults=x86_64-linux-gnu --enable-linker-build-id --with-system-zlib --libexecdir=/usr/lib/x86_64-linux-gnu --without-included-gettext --enable-threads=posix --with-gxx-include-dir=/usr/include/c++/4.5 --libdir=/usr/lib/x86_64-linux-gnu --enable-nls --with-sysroot=/ --enable-clocale=gnu --enable-libstdcxx-debug --enable-libstdcxx-time=yes --enable-plugin --enable-gold --enable-ld=default --with-plugin-ld=ld.gold --enable-objc-gc --disable-werror --with-arch-32=i686 --with-tune=generic --enable-checking=release --build=x86_64-linux-gnu --host=x86_64-linux-gnu --target=x86_64-linux-gnu
Thread model: posix
gcc version 4.5.2 (Ubuntu/Linaro 4.5.2-8ubuntu4) 
configure:3149: $? = 0
configure:3138: gcc -V >&5
gcc: '-V' option must have argument
configure:3149: $? = 1
configure:3138: gcc -qversion >&5
gcc: unrecognized option '-qversion'
gcc: no input files
configure:3149: $? = 1
configure:3169: checking whether the C compiler works
configure:3191: gcc    conftest.c  >&5
configure:3195: $? = 0
configure:3244: result: yes
configure:3247: checking for C compiler default output file name
configure:3249: result: a.out
configure:3255: checking for suffix of executables
configure:3262: gcc -o conftest    conftest.c  >&5
configure:3266: $? = 0
configure:3288: result: 
configure:3310: checking whether we are cross compiling
configure:3318: gcc -o conftest    conftest.c  >&5
configure:3322: $? = 0
configure:3329: ./conftest
configure:3333: $? = 0
configure:3348: result: no
configure:3353: checking for suffix of object files
configure:3375: gcc -c   conftest.c >&5
configure:3379: $? = 0
configure:3400: result: o
configure:3404: checking whether we are using the GNU C compiler
configure:3423: gcc -c   conftest.c >&5
configure:3423: $? = 0
configure:3432: result: yes
configure:3441: checking whether gcc accepts -g
configure:3461: gcc -c -g  conftest.c >&5
configure:3461: $? = 0
configure:3502: result: yes
configure:3519: checking for gcc option to accept ISO C89
configure:3583: gcc  -c -g -O2  conftest.c >&5
configure:3583: $? = 0
configure:3596: result: none needed
configure:3627: checking for style of include used by make
configure:3655: result: GNU
configure:3683: checking dependency style of gcc
configure:3773: result: gcc3
configure:3795: checking how to run the C preprocessor
configure:3826: gcc -E  conftest.c
configure:3826: $? = 0
configure:3840: gcc -E  conftest.c
conftest.c:11:28: fatal error: ac_nonexistent.h: No such file or directory
compilation terminated.
configure:3840: $? = 1
configure: failed program was:
| /* confdefs.h */
| #define PACKAGE_NAME "sparsehash"
| #define PACKAGE_TARNAME "sparsehash"
| #define PACKAGE_VERSION "1.11"
| #define PACKAGE_STRING "sparsehash 1.11"
| #define PACKAGE_BUGREPORT "opensource@google.com"
| #define PACKAGE_URL ""
| #define PACKAGE "sparsehash"
| #define VERSION "1.11"
| /* end confdefs.h.  */
| #include <ac_nonexistent.h>
configure:3865: result: gcc -E
configure:3885: gcc -E  conftest.c
configure:3885: $? = 0
configure:3899: gcc -E  conftest.c
conftest.c:11:28: fatal error: ac_nonexistent.h: No such file or directory
compilation terminated.
configure:3899: $? = 1
configure: failed program was:
| /* confdefs.h */
| #define PACKAGE_NAME "sparsehash"
| #define PACKAGE_TARNAME "sparsehash"
| #define PACKAGE_VERSION "1.11"
| #define PACKAGE_STRING "sparsehash 1.11"
| #define PACKAGE_BUGREPORT "opensource@google.com"
| #define PACKAGE_URL ""
| #define PACKAGE "sparsehash"
| #define VERSION "1.11"
| /* end confdefs.h.  */
| #include <ac_nonexistent.h>
configure:3985: checking for g++
configure:4001: found /usr/bin/g++
configure:4012: result: g++
configure:4039: checking for C++ compiler version
configure:4048: g++ --version >&5
g++ (Ubuntu/Linaro 4.5.2-8ubuntu4) 4.5.2
Copyright (C) 2010 Free Software Foundation, Inc.
This is free software; see the source for copying conditions.  There is NO
warranty; not even for MERCHANTABILITY or FITNESS FOR A PARTICULAR PURPOSE.

configure:4059: $? = 0
configure:4048: g++ -v >&5
Using built-in specs.
COLLECT_GCC=g++
COLLECT_LTO_WRAPPER=/usr/lib/x86_64-linux-gnu/gcc/x86_64-linux-gnu/4.5.2/lto-wrapper
Target: x86_64-linux-gnu
Configured with: ../src/configure -v --with-pkgversion='Ubuntu/Linaro 4.5.2-8ubuntu4' --with-bugurl=file:///usr/share/doc/gcc-4.5/README.Bugs --enable-languages=c,c++,fortran,objc,obj-c++ --prefix=/usr --program-suffix=-4.5 --enable-shared --enable-multiarch --with-multiarch-defaults=x86_64-linux-gnu --enable-linker-build-id --with-system-zlib --libexecdir=/usr/lib/x86_64-linux-gnu --without-included-gettext --enable-threads=posix --with-gxx-include-dir=/usr/include/c++/4.5 --libdir=/usr/lib/x86_64-linux-gnu --enable-nls --with-sysroot=/ --enable-clocale=gnu --enable-libstdcxx-debug --enable-libstdcxx-time=yes --enable-plugin --enable-gold --enable-ld=default --with-plugin-ld=ld.gold --enable-objc-gc --disable-werror --with-arch-32=i686 --with-tune=generic --enable-checking=release --build=x86_64-linux-gnu --host=x86_64-linux-gnu --target=x86_64-linux-gnu
Thread model: posix
gcc version 4.5.2 (Ubuntu/Linaro 4.5.2-8ubuntu4) 
configure:4059: $? = 0
configure:4048: g++ -V >&5
g++: '-V' option must have argument
configure:4059: $? = 1
configure:4048: g++ -qversion >&5
g++: unrecognized option '-qversion'
g++: no input files
configure:4059: $? = 1
configure:4063: checking whether we are using the GNU C++ compiler
configure:4082: g++ -c   conftest.cpp >&5
configure:4082: $? = 0
configure:4091: result: yes
configure:4100: checking whether g++ accepts -g
configure:4120: g++ -c -g  conftest.cpp >&5
configure:4120: $? = 0
configure:4161: result: yes
configure:4186: checking dependency style of g++
configure:4276: result: gcc3
configure:4307: checking for grep that handles long lines and -e
configure:4365: result: /bin/grep
configure:4370: checking for egrep
configure:4432: result: /bin/grep -E
configure:4437: checking for ANSI C header files
configure:4457: gcc -c -g -O2  conftest.c >&5
configure:4457: $? = 0
configure:4530: gcc -o conftest -g -O2   conftest.c  >&5
configure:4530: $? = 0
configure:4530: ./conftest
configure:4530: $? = 0
configure:4541: result: yes
configure:4552: checking for memcpy
configure:4552: gcc -o conftest -g -O2   conftest.c  >&5
conftest.c:35:6: warning: conflicting types for built-in function 'memcpy'
configure:4552: $? = 0
configure:4552: result: yes
configure:4552: checking for memmove
configure:4552: gcc -o conftest -g -O2   conftest.c  >&5
conftest.c:36:6: warning: conflicting types for built-in function 'memmove'
configure:4552: $? = 0
configure:4552: result: yes
configure:4567: checking for sys/types.h
configure:4567: gcc -c -g -O2  conftest.c >&5
configure:4567: $? = 0
configure:4567: result: yes
configure:4567: checking for sys/stat.h
configure:4567: gcc -c -g -O2  conftest.c >&5
configure:4567: $? = 0
configure:4567: result: yes
configure:4567: checking for stdlib.h
configure:4567: gcc -c -g -O2  conftest.c >&5
configure:4567: $? = 0
configure:4567: result: yes
configure:4567: checking for string.h
configure:4567: gcc -c -g -O2  conftest.c >&5
configure:4567: $? = 0
configure:4567: result: yes
configure:4567: checking for memory.h
configure:4567: gcc -c -g -O2  conftest.c >&5
configure:4567: $? = 0
configure:4567: result: yes
configure:4567: checking for strings.h
configure:4567: gcc -c -g -O2  conftest.c >&5
configure:4567: $? = 0
configure:4567: result: yes
configure:4567: checking for inttypes.h
configure:4567: gcc -c -g -O2  conftest.c >&5
configure:4567: $? = 0
configure:4567: result: yes
configure:4567: checking for stdint.h
configure:4567: gcc -c -g -O2  conftest.c >&5
configure:4567: $? = 0
configure:4567: result: yes
configure:4567: checking for unistd.h
configure:4567: gcc -c -g -O2  conftest.c >&5
configure:4567: $? = 0
configure:4567: result: yes
configure:4580: checking for uint16_t
configure:4580: gcc -c -g -O2  conftest.c >&5
configure:4580: $? = 0
configure:4580: gcc -c -g -O2  conftest.c >&5
conftest.c: In function 'main':
conftest.c:59:23: error: expected expression before ')' token
configure:4580: $? = 1
configure: failed program was:
| /* confdefs.h */
| #define PACKAGE_NAME "sparsehash"
| #define PACKAGE_TARNAME "sparsehash"
| #define PACKAGE_VERSION "1.11"
| #define PACKAGE_STRING "sparsehash 1.11"
| #define PACKAGE_BUGREPORT "opensource@google.com"
| #define PACKAGE_URL ""
| #define PACKAGE "sparsehash"
| #define VERSION "1.11"
| #define STDC_HEADERS 1
| #define HAVE_MEMCPY 1
| #define HAVE_MEMMOVE 1
| #define HAVE_SYS_TYPES_H 1
| #define HAVE_SYS_STAT_H 1
| #define HAVE_STDLIB_H 1
| #define HAVE_STRING_H 1
| #define HAVE_MEMORY_H 1
| #define HAVE_STRINGS_H 1
| #define HAVE_INTTYPES_H 1
| #define HAVE_STDINT_H 1
| #define HAVE_UNISTD_H 1
| /* end confdefs.h.  */
| #include <stdio.h>
| #ifdef HAVE_SYS_TYPES_H
| # include <sys/types.h>
| #endif
| #ifdef HAVE_SYS_STAT_H
| # include <sys/stat.h>
| #endif
| #ifdef STDC_HEADERS
| # include <stdlib.h>
| # include <stddef.h>
| #else
| # ifdef HAVE_STDLIB_H
| #  include <stdlib.h>
| # endif
| #endif
| #ifdef HAVE_STRING_H
| # if !defined STDC_HEADERS && defined HAVE_MEMORY_H
| #  include <memory.h>
| # endif
| # include <string.h>
| #endif
| #ifdef HAVE_STRINGS_H
| # include <strings.h>
| #endif
| #ifdef HAVE_INTTYPES_H
| # include <inttypes.h>
| #endif
| #ifdef HAVE_STDINT_H
| # include <stdint.h>
| #endif
| #ifdef HAVE_UNISTD_H
| # include <unistd.h>
| #endif
| int
| main ()
| {
| if (sizeof ((uint16_t)))
| 	    return 0;
|   ;
|   return 0;
| }
configure:4580: result: yes
configure:4590: checking for u_int16_t
configure:4590: gcc -c -g -O2  conftest.c >&5
configure:4590: $? = 0
configure:4590: gcc -c -g -O2  conftest.c >&5
conftest.c: In function 'main':
conftest.c:60:24: error: expected expression before ')' token
configure:4590: $? = 1
configure: failed program was:
| /* confdefs.h */
| #define PACKAGE_NAME "sparsehash"
| #define PACKAGE_TARNAME "sparsehash"
| #define PACKAGE_VERSION "1.11"
| #define PACKAGE_STRING "sparsehash 1.11"
| #define PACKAGE_BUGREPORT "opensource@google.com"
| #define PACKAGE_URL ""
| #define PACKAGE "sparsehash"
| #define VERSION "1.11"
| #define STDC_HEADERS 1
| #define HAVE_MEMCPY 1
| #define HAVE_MEMMOVE 1
| #define HAVE_SYS_TYPES_H 1
| #define HAVE_SYS_STAT_H 1
| #define HAVE_STDLIB_H 1
| #define HAVE_STRING_H 1
| #define HAVE_MEMORY_H 1
| #define HAVE_STRINGS_H 1
| #define HAVE_INTTYPES_H 1
| #define HAVE_STDINT_H 1
| #define HAVE_UNISTD_H 1
| #define HAVE_UINT16_T 1
| /* end confdefs.h.  */
| #include <stdio.h>
| #ifdef HAVE_SYS_TYPES_H
| # include <sys/types.h>
| #endif
| #ifdef HAVE_SYS_STAT_H
| # include <sys/stat.h>
| #endif
| #ifdef STDC_HEADERS
| # include <stdlib.h>
| # include <stddef.h>
| #else
| # ifdef HAVE_STDLIB_H
| #  include <stdlib.h>
| # endif
| #endif
| #ifdef HAVE_STRING_H
| # if !defined STDC_HEADERS && defined HAVE_MEMORY_H
| #  include <memory.h>
| # endif
| # include <string.h>
| #endif
| #ifdef HAVE_STRINGS_H
| # include <strings.h>
| #endif
| #ifdef HAVE_INTTYPES_H
| # include <inttypes.h>
| #endif
| #ifdef HAVE_STDINT_H
| # include <stdint.h>
| #endif
| #ifdef HAVE_UNISTD_H
| # include <unistd.h>
| #endif
| int
| main ()
| {
| if (sizeof ((u_int16_t)))
| 	    return 0;
|   ;
|   return 0;
| }
configure:4590: result: yes
configure:4600: checking for __uint16
configure:4600: gcc -c -g -O2  conftest.c >&5
conftest.c: In function 'main':
conftest.c:61:13: error: '__uint16' undeclared (first use in this function)
conftest.c:61:13: note: each undeclared identifier is reported only once for each function it appears in
configure:4600: $? = 1
configure: failed program was:
| /* confdefs.h */
| #define PACKAGE_NAME "sparsehash"
| #define PACKAGE_TARNAME "sparsehash"
| #define PACKAGE_VERSION "1.11"
| #define PACKAGE_STRING "sparsehash 1.11"
| #define PACKAGE_BUGREPORT "opensource@google.com"
| #define PACKAGE_URL ""
| #define PACKAGE "sparsehash"
| #define VERSION "1.11"
| #define STDC_HEADERS 1
| #define HAVE_MEMCPY 1
| #define HAVE_MEMMOVE 1
| #define HAVE_SYS_TYPES_H 1
| #define HAVE_SYS_STAT_H 1
| #define HAVE_STDLIB_H 1
| #define HAVE_STRING_H 1
| #define HAVE_MEMORY_H 1
| #define HAVE_STRINGS_H 1
| #define HAVE_INTTYPES_H 1
| #define HAVE_STDINT_H 1
| #define HAVE_UNISTD_H 1
| #define HAVE_UINT16_T 1
| #define HAVE_U_INT16_T 1
| /* end confdefs.h.  */
| #include <stdio.h>
| #ifdef HAVE_SYS_TYPES_H
| # include <sys/types.h>
| #endif
| #ifdef HAVE_SYS_STAT_H
| # include <sys/stat.h>
| #endif
| #ifdef STDC_HEADERS
| # include <stdlib.h>
| # include <stddef.h>
| #else
| # ifdef HAVE_STDLIB_H
| #  include <stdlib.h>
| # endif
| #endif
| #ifdef HAVE_STRING_H
| # if !defined STDC_HEADERS && defined HAVE_MEMORY_H
| #  include <memory.h>
| # endif
| # include <string.h>
| #endif
| #ifdef HAVE_STRINGS_H
| # include <strings.h>
| #endif
| #ifdef HAVE_INTTYPES_H
| # include <inttypes.h>
| #endif
| #ifdef HAVE_STDINT_H
| # include <stdint.h>
| #endif
| #ifdef HAVE_UNISTD_H
| # include <unistd.h>
| #endif
| int
| main ()
| {
| if (sizeof (__uint16))
| 	 return 0;
|   ;
|   return 0;
| }
configure:4600: result: no
configure:4610: checking for long long
configure:4610: gcc -c -g -O2  conftest.c >&5
configure:4610: $? = 0
configure:4610: gcc -c -g -O2  conftest.c >&5
conftest.c: In function 'main':
conftest.c:61:24: error: expected expression before ')' token
configure:4610: $? = 1
configure: failed program was:
| /* confdefs.h */
| #define PACKAGE_NAME "sparsehash"
| #define PACKAGE_TARNAME "sparsehash"
| #define PACKAGE_VERSION "1.11"
| #define PACKAGE_STRING "sparsehash 1.11"
| #define PACKAGE_BUGREPORT "opensource@google.com"
| #define PACKAGE_URL ""
| #define PACKAGE "sparsehash"
| #define VERSION "1.11"
| #define STDC_HEADERS 1
| #define HAVE_MEMCPY 1
| #define HAVE_MEMMOVE 1
| #define HAVE_SYS_TYPES_H 1
| #define HAVE_SYS_STAT_H 1
| #define HAVE_STDLIB_H 1
| #define HAVE_STRING_H 1
| #define HAVE_MEMORY_H 1
| #define HAVE_STRINGS_H 1
| #define HAVE_INTTYPES_H 1
| #define HAVE_STDINT_H 1
| #define HAVE_UNISTD_H 1
| #define HAVE_UINT16_T 1
| #define HAVE_U_INT16_T 1
| /* end confdefs.h.  */
| #include <stdio.h>
| #ifdef HAVE_SYS_TYPES_H
| # include <sys/types.h>
| #endif
| #ifdef HAVE_SYS_STAT_H
| # include <sys/stat.h>
| #endif
| #ifdef STDC_HEADERS
| # include <stdlib.h>
| # include <stddef.h>
| #else
| # ifdef HAVE_STDLIB_H
| #  include <stdlib.h>
| # endif
| #endif
| #ifdef HAVE_STRING_H
| # if !defined STDC_HEADERS && defined HAVE_MEMORY_H
| #  include <memory.h>
| # endif
| # include <string.h>
| #endif
| #ifdef HAVE_STRINGS_H
| # include <strings.h>
| #endif
| #ifdef HAVE_INTTYPES_H
| # include <inttypes.h>
| #endif
| #ifdef HAVE_STDINT_H
| # include <stdint.h>
| #endif
| #ifdef HAVE_UNISTD_H
| # include <unistd.h>
| #endif
| int
| main ()
| {
| if (sizeof ((long long)))
| 	    return 0;
|   ;
|   return 0;
| }
configure:4610: result: yes
configure:4625: checking sys/resource.h usability
configure:4625: gcc -c -g -O2  conftest.c >&5
configure:4625: $? = 0
configure:4625: result: yes
configure:4625: checking sys/resource.h presence
configure:4625: gcc -E  conftest.c
configure:4625: $? = 0
configure:4625: result: yes
configure:4625: checking for sys/resource.h
configure:4625: result: yes
configure:4625: checking for unistd.h
configure:4625: result: yes
configure:4625: checking sys/time.h usability
configure:4625: gcc -c -g -O2  conftest.c >&5
configure:4625: $? = 0
configure:4625: result: yes
configure:4625: checking sys/time.h presence
configure:4625: gcc -E  conftest.c
configure:4625: $? = 0
configure:4625: result: yes
configure:4625: checking for sys/time.h
configure:4625: result: yes
configure:4625: checking sys/utsname.h usability
configure:4625: gcc -c -g -O2  conftest.c >&5
configure:4625: $? = 0
configure:4625: result: yes
configure:4625: checking sys/utsname.h presence
configure:4625: gcc -E  conftest.c
configure:4625: $? = 0
configure:4625: result: yes
configure:4625: checking for sys/utsname.h
configure:4625: result: yes
configure:4652: checking how to run the C++ preprocessor
configure:4679: g++ -E  conftest.cpp
configure:4679: $? = 0
configure:4693: g++ -E  conftest.cpp
conftest.cpp:30:28: fatal error: ac_nonexistent.h: No such file or directory
compilation terminated.
configure:4693: $? = 1
configure: failed program was:
| /* confdefs.h */
| #define PACKAGE_NAME "sparsehash"
| #define PACKAGE_TARNAME "sparsehash"
| #define PACKAGE_VERSION "1.11"
| #define PACKAGE_STRING "sparsehash 1.11"
| #define PACKAGE_BUGREPORT "opensource@google.com"
| #define PACKAGE_URL ""
| #define PACKAGE "sparsehash"
| #define VERSION "1.11"
| #define STDC_HEADERS 1
| #define HAVE_MEMCPY 1
| #define HAVE_MEMMOVE 1
| #define HAVE_SYS_TYPES_H 1
| #define HAVE_SYS_STAT_H 1
| #define HAVE_STDLIB_H 1
| #define HAVE_STRING_H 1
| #define HAVE_MEMORY_H 1
| #define HAVE_STRINGS_H 1
| #define HAVE_INTTYPES_H 1
| #define HAVE_STDINT_H 1
| #define HAVE_UNISTD_H 1
| #define HAVE_UINT16_T 1
| #define HAVE_U_INT16_T 1
| #define HAVE_LONG_LONG 1
| #define HAVE_SYS_RESOURCE_H 1
| #define HAVE_UNISTD_H 1
| #define HAVE_SYS_TIME_H 1
| #define HAVE_SYS_UTSNAME_H 1
| /* end confdefs.h.  */
| #include <ac_nonexistent.h>
configure:4718: result: g++ -E
configure:4738: g++ -E  conftest.cpp
configure:4738: $? = 0
configure:4752: g++ -E  conftest.cpp
conftest.cpp:30:28: fatal error: ac_nonexistent.h: No such file or directory
compilation terminated.
configure:4752: $? = 1
configure: failed program was:
| /* confdefs.h */
| #define PACKAGE_NAME "sparsehash"
| #define PACKAGE_TARNAME "sparsehash"
| #define PACKAGE_VERSION "1.11"
| #define PACKAGE_STRING "sparsehash 1.11"
| #define PACKAGE_BUGREPORT "opensource@google.com"
| #define PACKAGE_URL ""
| #define PACKAGE "sparsehash"
| #define VERSION "1.11"
| #define STDC_HEADERS 1
| #define HAVE_MEMCPY 1
| #define HAVE_MEMMOVE 1
| #define HAVE_SYS_TYPES_H 1
| #define HAVE_SYS_STAT_H 1
| #define HAVE_STDLIB_H 1
| #define HAVE_STRING_H 1
| #define HAVE_MEMORY_H 1
| #define HAVE_STRINGS_H 1
| #define HAVE_INTTYPES_H 1
| #define HAVE_STDINT_H 1
| #define HAVE_UNISTD_H 1
| #define HAVE_UINT16_T 1
| #define HAVE_U_INT16_T 1
| #define HAVE_LONG_LONG 1
| #define HAVE_SYS_RESOURCE_H 1
| #define HAVE_UNISTD_H 1
| #define HAVE_SYS_TIME_H 1
| #define HAVE_SYS_UTSNAME_H 1
| /* end confdefs.h.  */
| #include <ac_nonexistent.h>
configure:4783: checking google/malloc_extension.h usability
configure:4783: g++ -c -g -O2  conftest.cpp >&5
conftest.cpp:63:37: fatal error: google/malloc_extension.h: No such file or directory
compilation terminated.
configure:4783: $? = 1
configure: failed program was:
| /* confdefs.h */
| #define PACKAGE_NAME "sparsehash"
| #define PACKAGE_TARNAME "sparsehash"
| #define PACKAGE_VERSION "1.11"
| #define PACKAGE_STRING "sparsehash 1.11"
| #define PACKAGE_BUGREPORT "opensource@google.com"
| #define PACKAGE_URL ""
| #define PACKAGE "sparsehash"
| #define VERSION "1.11"
| #define STDC_HEADERS 1
| #define HAVE_MEMCPY 1
| #define HAVE_MEMMOVE 1
| #define HAVE_SYS_TYPES_H 1
| #define HAVE_SYS_STAT_H 1
| #define HAVE_STDLIB_H 1
| #define HAVE_STRING_H 1
| #define HAVE_MEMORY_H 1
| #define HAVE_STRINGS_H 1
| #define HAVE_INTTYPES_H 1
| #define HAVE_STDINT_H 1
| #define HAVE_UNISTD_H 1
| #define HAVE_UINT16_T 1
| #define HAVE_U_INT16_T 1
| #define HAVE_LONG_LONG 1
| #define HAVE_SYS_RESOURCE_H 1
| #define HAVE_UNISTD_H 1
| #define HAVE_SYS_TIME_H 1
| #define HAVE_SYS_UTSNAME_H 1
| /* end confdefs.h.  */
| #include <stdio.h>
| #ifdef HAVE_SYS_TYPES_H
| # include <sys/types.h>
| #endif
| #ifdef HAVE_SYS_STAT_H
| # include <sys/stat.h>
| #endif
| #ifdef STDC_HEADERS
| # include <stdlib.h>
| # include <stddef.h>
| #else
| # ifdef HAVE_STDLIB_H
| #  include <stdlib.h>
| # endif
| #endif
| #ifdef HAVE_STRING_H
| # if !defined STDC_HEADERS && defined HAVE_MEMORY_H
| #  include <memory.h>
| # endif
| # include <string.h>
| #endif
| #ifdef HAVE_STRINGS_H
| # include <strings.h>
| #endif
| #ifdef HAVE_INTTYPES_H
| # include <inttypes.h>
| #endif
| #ifdef HAVE_STDINT_H
| # include <stdint.h>
| #endif
| #ifdef HAVE_UNISTD_H
| # include <unistd.h>
| #endif
| #include <google/malloc_extension.h>
configure:4783: result: no
configure:4783: checking google/malloc_extension.h presence
configure:4783: g++ -E  conftest.cpp
conftest.cpp:30:37: fatal error: google/malloc_extension.h: No such file or directory
compilation terminated.
configure:4783: $? = 1
configure: failed program was:
| /* confdefs.h */
| #define PACKAGE_NAME "sparsehash"
| #define PACKAGE_TARNAME "sparsehash"
| #define PACKAGE_VERSION "1.11"
| #define PACKAGE_STRING "sparsehash 1.11"
| #define PACKAGE_BUGREPORT "opensource@google.com"
| #define PACKAGE_URL ""
| #define PACKAGE "sparsehash"
| #define VERSION "1.11"
| #define STDC_HEADERS 1
| #define HAVE_MEMCPY 1
| #define HAVE_MEMMOVE 1
| #define HAVE_SYS_TYPES_H 1
| #define HAVE_SYS_STAT_H 1
| #define HAVE_STDLIB_H 1
| #define HAVE_STRING_H 1
| #define HAVE_MEMORY_H 1
| #define HAVE_STRINGS_H 1
| #define HAVE_INTTYPES_H 1
| #define HAVE_STDINT_H 1
| #define HAVE_UNISTD_H 1
| #define HAVE_UINT16_T 1
| #define HAVE_U_INT16_T 1
| #define HAVE_LONG_LONG 1
| #define HAVE_SYS_RESOURCE_H 1
| #define HAVE_UNISTD_H 1
| #define HAVE_SYS_TIME_H 1
| #define HAVE_SYS_UTSNAME_H 1
| /* end confdefs.h.  */
| #include <google/malloc_extension.h>
configure:4783: result: no
configure:4783: checking for google/malloc_extension.h
configure:4783: result: no
configure:5471: checking whether the compiler implements namespaces
configure:5495: g++ -c -g -O2  conftest.cpp >&5
configure:5495: $? = 0
configure:5508: result: yes
configure:5516: checking the location of hash_map
configure:5542: g++ -c -g -O2  conftest.cpp >&5
configure:5542: $? = 0
configure:5564: g++ -c -g -O2  conftest.cpp >&5
In file included from /usr/include/c++/4.5/unordered_map:35:0,
                 from conftest.cpp:31:
/usr/include/c++/4.5/bits/c++0x_warning.h:31:2: error: #error This file requires compiler and library support for the upcoming ISO C++ standard, C++0x. This support is currently experimental, and must be enabled with the -std=c++0x or -std=gnu++0x compiler options.
conftest.cpp: In function 'int main()':
conftest.cpp:35:7: error: 'unordered_map' in namespace 'std' does not name a type
conftest.cpp:36:33: error: 't' was not declared in this scope
configure:5564: $? = 1
configure: failed program was:
| /* confdefs.h */
| #define PACKAGE_NAME "sparsehash"
| #define PACKAGE_TARNAME "sparsehash"
| #define PACKAGE_VERSION "1.11"
| #define PACKAGE_STRING "sparsehash 1.11"
| #define PACKAGE_BUGREPORT "opensource@google.com"
| #define PACKAGE_URL ""
| #define PACKAGE "sparsehash"
| #define VERSION "1.11"
| #define STDC_HEADERS 1
| #define HAVE_MEMCPY 1
| #define HAVE_MEMMOVE 1
| #define HAVE_SYS_TYPES_H 1
| #define HAVE_SYS_STAT_H 1
| #define HAVE_STDLIB_H 1
| #define HAVE_STRING_H 1
| #define HAVE_MEMORY_H 1
| #define HAVE_STRINGS_H 1
| #define HAVE_INTTYPES_H 1
| #define HAVE_STDINT_H 1
| #define HAVE_UNISTD_H 1
| #define HAVE_UINT16_T 1
| #define HAVE_U_INT16_T 1
| #define HAVE_LONG_LONG 1
| #define HAVE_SYS_RESOURCE_H 1
| #define HAVE_UNISTD_H 1
| #define HAVE_SYS_TIME_H 1
| #define HAVE_SYS_UTSNAME_H 1
| #define HAVE_NAMESPACES 1
| /* end confdefs.h.  */
| #include <unordered_map>
| int
| main ()
| {
| const std::unordered_map<int, int> t;
|                          return t.find(5) == t.end();
|   ;
|   return 0;
| }
configure:5564: g++ -c -g -O2  conftest.cpp >&5
In file included from /usr/include/c++/4.5/unordered_map:35:0,
                 from conftest.cpp:31:
/usr/include/c++/4.5/bits/c++0x_warning.h:31:2: error: #error This file requires compiler and library support for the upcoming ISO C++ standard, C++0x. This support is currently experimental, and must be enabled with the -std=c++0x or -std=gnu++0x compiler options.
conftest.cpp: In function 'int main()':
conftest.cpp:35:7: error: 'tr1' in namespace 'std' does not name a type
conftest.cpp:36:33: error: 't' was not declared in this scope
configure:5564: $? = 1
configure: failed program was:
| /* confdefs.h */
| #define PACKAGE_NAME "sparsehash"
| #define PACKAGE_TARNAME "sparsehash"
| #define PACKAGE_VERSION "1.11"
| #define PACKAGE_STRING "sparsehash 1.11"
| #define PACKAGE_BUGREPORT "opensource@google.com"
| #define PACKAGE_URL ""
| #define PACKAGE "sparsehash"
| #define VERSION "1.11"
| #define STDC_HEADERS 1
| #define HAVE_MEMCPY 1
| #define HAVE_MEMMOVE 1
| #define HAVE_SYS_TYPES_H 1
| #define HAVE_SYS_STAT_H 1
| #define HAVE_STDLIB_H 1
| #define HAVE_STRING_H 1
| #define HAVE_MEMORY_H 1
| #define HAVE_STRINGS_H 1
| #define HAVE_INTTYPES_H 1
| #define HAVE_STDINT_H 1
| #define HAVE_UNISTD_H 1
| #define HAVE_UINT16_T 1
| #define HAVE_U_INT16_T 1
| #define HAVE_LONG_LONG 1
| #define HAVE_SYS_RESOURCE_H 1
| #define HAVE_UNISTD_H 1
| #define HAVE_SYS_TIME_H 1
| #define HAVE_SYS_UTSNAME_H 1
| #define HAVE_NAMESPACES 1
| /* end confdefs.h.  */
| #include <unordered_map>
| int
| main ()
| {
| const std::tr1::unordered_map<int, int> t;
|                          return t.find(5) == t.end();
|   ;
|   return 0;
| }
configure:5564: g++ -c -g -O2  conftest.cpp >&5
conftest.cpp: In function 'int main()':
conftest.cpp:35:7: error: 'unordered_map' in namespace 'std' does not name a type
conftest.cpp:36:33: error: 't' was not declared in this scope
configure:5564: $? = 1
configure: failed program was:
| /* confdefs.h */
| #define PACKAGE_NAME "sparsehash"
| #define PACKAGE_TARNAME "sparsehash"
| #define PACKAGE_VERSION "1.11"
| #define PACKAGE_STRING "sparsehash 1.11"
| #define PACKAGE_BUGREPORT "opensource@google.com"
| #define PACKAGE_URL ""
| #define PACKAGE "sparsehash"
| #define VERSION "1.11"
| #define STDC_HEADERS 1
| #define HAVE_MEMCPY 1
| #define HAVE_MEMMOVE 1
| #define HAVE_SYS_TYPES_H 1
| #define HAVE_SYS_STAT_H 1
| #define HAVE_STDLIB_H 1
| #define HAVE_STRING_H 1
| #define HAVE_MEMORY_H 1
| #define HAVE_STRINGS_H 1
| #define HAVE_INTTYPES_H 1
| #define HAVE_STDINT_H 1
| #define HAVE_UNISTD_H 1
| #define HAVE_UINT16_T 1
| #define HAVE_U_INT16_T 1
| #define HAVE_LONG_LONG 1
| #define HAVE_SYS_RESOURCE_H 1
| #define HAVE_UNISTD_H 1
| #define HAVE_SYS_TIME_H 1
| #define HAVE_SYS_UTSNAME_H 1
| #define HAVE_NAMESPACES 1
| /* end confdefs.h.  */
| #include <tr1/unordered_map>
| int
| main ()
| {
| const std::unordered_map<int, int> t;
|                          return t.find(5) == t.end();
|   ;
|   return 0;
| }
configure:5564: g++ -c -g -O2  conftest.cpp >&5
configure:5564: $? = 0
configure:5625: result: <tr1/unordered_map>
configure:5635: checking how to include hash_fun directly
configure:5661: g++ -c -g -O2  conftest.cpp >&5
conftest.cpp: In function 'int main()':
conftest.cpp:41:14: error: 'std::tr1' has not been declared
conftest.cpp:41:24: error: expected primary-expression before 'int'
conftest.cpp:41:24: error: expected ',' or ';' before 'int'
configure:5661: $? = 1
configure: failed program was:
| /* confdefs.h */
| #define PACKAGE_NAME "sparsehash"
| #define PACKAGE_TARNAME "sparsehash"
| #define PACKAGE_VERSION "1.11"
| #define PACKAGE_STRING "sparsehash 1.11"
| #define PACKAGE_BUGREPORT "opensource@google.com"
| #define PACKAGE_URL ""
| #define PACKAGE "sparsehash"
| #define VERSION "1.11"
| #define STDC_HEADERS 1
| #define HAVE_MEMCPY 1
| #define HAVE_MEMMOVE 1
| #define HAVE_SYS_TYPES_H 1
| #define HAVE_SYS_STAT_H 1
| #define HAVE_STDLIB_H 1
| #define HAVE_STRING_H 1
| #define HAVE_MEMORY_H 1
| #define HAVE_STRINGS_H 1
| #define HAVE_INTTYPES_H 1
| #define HAVE_STDINT_H 1
| #define HAVE_UNISTD_H 1
| #define HAVE_UINT16_T 1
| #define HAVE_U_INT16_T 1
| #define HAVE_LONG_LONG 1
| #define HAVE_SYS_RESOURCE_H 1
| #define HAVE_UNISTD_H 1
| #define HAVE_SYS_TIME_H 1
| #define HAVE_SYS_UTSNAME_H 1
| #define HAVE_NAMESPACES 1
| #define HAVE_HASH_MAP 1
| #define HAVE_HASH_SET 1
| #define HASH_MAP_H <tr1/unordered_map>
| #define HASH_SET_H <tr1/unordered_set>
| #define HASH_NAMESPACE std::tr1
| #define HAVE_UNORDERED_MAP 1
| /* end confdefs.h.  */
| #include <functional>
| int
| main ()
| {
| int x = std::tr1::hash<int>()(5)
|   ;
|   return 0;
| }
configure:5661: g++ -c -g -O2  conftest.cpp >&5
configure:5661: $? = 0
configure:5683: result: <tr1/functional>
configure:5862: creating ./config.status

## ---------------------- ##
## Running config.status. ##
## ---------------------- ##

This file was extended by sparsehash config.status 1.11, which was
generated by GNU Autoconf 2.65.  Invocation command line was

  CONFIG_FILES    = 
  CONFIG_HEADERS  = 
  CONFIG_LINKS    = 
  CONFIG_COMMANDS = 
  $ ./config.status 

on ubuntu

config.status:891: creating Makefile
config.status:891: creating src/config.h
config.status:1104: executing depfiles commands

## ---------------- ##
## Cache variables. ##
## ---------------- ##

ac_cv_c_compiler_gnu=yes
ac_cv_cxx_compiler_gnu=yes
ac_cv_cxx_hash_map='<tr1/unordered_map>'
ac_cv_cxx_hash_namespace=std::tr1
ac_cv_cxx_hash_set='<tr1/unordered_set>'
ac_cv_cxx_have_unordered_map=yes
ac_cv_cxx_namespaces=yes
ac_cv_cxx_stl_hash_fun='<tr1/functional>'
ac_cv_env_CCC_set=
ac_cv_env_CCC_value=
ac_cv_env_CC_set=
ac_cv_env_CC_value=
ac_cv_env_CFLAGS_set=
ac_cv_env_CFLAGS_value=
ac_cv_env_CPPFLAGS_set=
ac_cv_env_CPPFLAGS_value=
ac_cv_env_CPP_set=
ac_cv_env_CPP_value=
ac_cv_env_CXXCPP_set=
ac_cv_env_CXXCPP_value=
ac_cv_env_CXXFLAGS_set=
ac_cv_env_CXXFLAGS_value=
ac_cv_env_CXX_set=
ac_cv_env_CXX_value=
ac_cv_env_LDFLAGS_set=
ac_cv_env_LDFLAGS_value=
ac_cv_env_LIBS_set=
ac_cv_env_LIBS_value=
ac_cv_env_build_alias_set=
ac_cv_env_build_alias_value=
ac_cv_env_host_alias_set=
ac_cv_env_host_alias_value=
ac_cv_env_target_alias_set=
ac_cv_env_target_alias_value=
ac_cv_func_memcpy=yes
ac_cv_func_memmove=yes
ac_cv_header_google_malloc_extension_h=no
ac_cv_header_inttypes_h=yes
ac_cv_header_memory_h=yes
ac_cv_header_stdc=yes
ac_cv_header_stdint_h=yes
ac_cv_header_stdlib_h=yes
ac_cv_header_string_h=yes
ac_cv_header_strings_h=yes
ac_cv_header_sys_resource_h=yes
ac_cv_header_sys_stat_h=yes
ac_cv_header_sys_time_h=yes
ac_cv_header_sys_types_h=yes
ac_cv_header_sys_utsname_h=yes
ac_cv_header_unistd_h=yes
ac_cv_objext=o
ac_cv_path_EGREP='/bin/grep -E'
ac_cv_path_GREP=/bin/grep
ac_cv_path_install='/usr/bin/install -c'
ac_cv_prog_AWK=mawk
ac_cv_prog_CPP='gcc -E'
ac_cv_prog_CXXCPP='g++ -E'
ac_cv_prog_ac_ct_CC=gcc
ac_cv_prog_ac_ct_CXX=g++
ac_cv_prog_cc_c89=
ac_cv_prog_cc_g=yes
ac_cv_prog_cxx_g=yes
ac_cv_prog_make_make_set=yes
ac_cv_type___uint16=no
ac_cv_type_long_long=yes
ac_cv_type_u_int16_t=yes
ac_cv_type_uint16_t=yes
am_cv_CC_dependencies_compiler_type=gcc3
am_cv_CXX_dependencies_compiler_type=gcc3

## ----------------- ##
## Output variables. ##
## ----------------- ##

ACLOCAL='${SHELL} /home/rikson/sandbox/Woot/lib/sparsehash-1.11/missing --run aclocal-1.9'
AMDEPBACKSLASH='\'
AMDEP_FALSE='#'
AMDEP_TRUE=''
AMTAR='${SHELL} /home/rikson/sandbox/Woot/lib/sparsehash-1.11/missing --run tar'
AUTOCONF='${SHELL} /home/rikson/sandbox/Woot/lib/sparsehash-1.11/missing --run autoconf'
AUTOHEADER='${SHELL} /home/rikson/sandbox/Woot/lib/sparsehash-1.11/missing --run autoheader'
AUTOMAKE='${SHELL} /home/rikson/sandbox/Woot/lib/sparsehash-1.11/missing --run automake-1.9'
AWK='mawk'
CC='gcc'
CCDEPMODE='depmode=gcc3'
CFLAGS='-g -O2'
CPP='gcc -E'
CPPFLAGS=''
CXX='g++'
CXXCPP='g++ -E'
CXXDEPMODE='depmode=gcc3'
CXXFLAGS='-g -O2'
CYGPATH_W='echo'
DEFS='-DHAVE_CONFIG_H'
DEPDIR='.deps'
ECHO_C=''
ECHO_N='-n'
ECHO_T=''
EGREP='/bin/grep -E'
EXEEXT=''
GCC_FALSE='#'
GCC_TRUE=''
GREP='/bin/grep'
INSTALL_DATA='${INSTALL} -m 644'
INSTALL_PROGRAM='${INSTALL}'
INSTALL_SCRIPT='${INSTALL}'
INSTALL_STRIP_PROGRAM='${SHELL} $(install_sh) -c -s'
LDFLAGS=''
LIBOBJS=''
LIBS=''
LTLIBOBJS=''
MAKEINFO='${SHELL} /home/rikson/sandbox/Woot/lib/sparsehash-1.11/missing --run makeinfo'
OBJEXT='o'
PACKAGE='sparsehash'
PACKAGE_BUGREPORT='opensource@google.com'
PACKAGE_NAME='sparsehash'
PACKAGE_STRING='sparsehash 1.11'
PACKAGE_TARNAME='sparsehash'
PACKAGE_URL=''
PACKAGE_VERSION='1.11'
PATH_SEPARATOR=':'
PTHREAD_CC=''
PTHREAD_CFLAGS=''
PTHREAD_LIBS=''
SET_MAKE=''
SHELL='/bin/bash'
STRIP=''
VERSION='1.11'
ac_ct_CC='gcc'
ac_ct_CXX='g++'
acx_pthread_config=''
am__fastdepCC_FALSE='#'
am__fastdepCC_TRUE=''
am__fastdepCXX_FALSE='#'
am__fastdepCXX_TRUE=''
am__include='include'
am__leading_dot='.'
am__quote=''
am__tar='${AMTAR} chof - "$$tardir"'
am__untar='${AMTAR} xf -'
bindir='${exec_prefix}/bin'
build=''
build_alias=''
build_cpu=''
build_os=''
build_vendor=''
datadir='${datarootdir}'
datarootdir='${prefix}/share'
docdir='${datarootdir}/doc/${PACKAGE_TARNAME}'
dvidir='${docdir}'
exec_prefix='${prefix}'
host=''
host_alias=''
host_cpu=''
host_os=''
host_vendor=''
htmldir='${docdir}'
includedir='${prefix}/include'
infodir='${datarootdir}/info'
install_sh='/home/rikson/sandbox/Woot/lib/sparsehash-1.11/install-sh'
libdir='${exec_prefix}/lib'
libexecdir='${exec_prefix}/libexec'
localedir='${datarootdir}/locale'
localstatedir='${prefix}/var'
mandir='${datarootdir}/man'
mkdir_p='mkdir -p --'
oldincludedir='/usr/include'
pdfdir='${docdir}'
prefix='/usr/local'
program_transform_name='s,x,x,'
psdir='${docdir}'
sbindir='${exec_prefix}/sbin'
sharedstatedir='${prefix}/com'
sysconfdir='${prefix}/etc'
target_alias=''
tcmalloc_flags=''
tcmalloc_libs=''

## ----------- ##
## confdefs.h. ##
## ----------- ##

/* confdefs.h */
#define PACKAGE_NAME "sparsehash"
#define PACKAGE_TARNAME "sparsehash"
#define PACKAGE_VERSION "1.11"
#define PACKAGE_STRING "sparsehash 1.11"
#define PACKAGE_BUGREPORT "opensource@google.com"
#define PACKAGE_URL ""
#define PACKAGE "sparsehash"
#define VERSION "1.11"
#define STDC_HEADERS 1
#define HAVE_MEMCPY 1
#define HAVE_MEMMOVE 1
#define HAVE_SYS_TYPES_H 1
#define HAVE_SYS_STAT_H 1
#define HAVE_STDLIB_H 1
#define HAVE_STRING_H 1
#define HAVE_MEMORY_H 1
#define HAVE_STRINGS_H 1
#define HAVE_INTTYPES_H 1
#define HAVE_STDINT_H 1
#define HAVE_UNISTD_H 1
#define HAVE_UINT16_T 1
#define HAVE_U_INT16_T 1
#define HAVE_LONG_LONG 1
#define HAVE_SYS_RESOURCE_H 1
#define HAVE_UNISTD_H 1
#define HAVE_SYS_TIME_H 1
#define HAVE_SYS_UTSNAME_H 1
#define HAVE_NAMESPACES 1
#define HAVE_HASH_MAP 1
#define HAVE_HASH_SET 1
#define HASH_MAP_H <tr1/unordered_map>
#define HASH_SET_H <tr1/unordered_set>
#define HASH_NAMESPACE std::tr1
#define HAVE_UNORDERED_MAP 1
#define HASH_FUN_H <tr1/functional>
#define HASH_NAMESPACE std::tr1
#define GOOGLE_NAMESPACE ::google
#define _START_GOOGLE_NAMESPACE_ namespace google {
#define _END_GOOGLE_NAMESPACE_ }
#define SPARSEHASH_HASH_NO_NAMESPACE hash
#define SPARSEHASH_HASH HASH_NAMESPACE::hash

configure: exit 0
